TN:
SF:/home/nirgn/PycharmProjects/open_pension/client/node_modules/angular2-template-loader/index.js!/home/nirgn/PycharmProjects/open_pension/client/node_modules/tslint-loader/index.js!/home/nirgn/PycharmProjects/open_pension/client/src/test.ts
FN:15,(anonymous_1)
FN:23,(anonymous_2)
FN:30,(anonymous_3)
FN:32,(anonymous_4)
FNF:4
FNH:4
FNDA:1,(anonymous_1)
FNDA:1,(anonymous_2)
FNDA:1,(anonymous_3)
FNDA:1,(anonymous_4)
DA:1,1
DA:3,1
DA:4,1
DA:5,1
DA:6,1
DA:7,1
DA:8,1
DA:15,1
DA:18,1
DA:24,1
DA:30,1
DA:32,1
LF:12
LH:12
BRF:0
BRH:0
end_of_record
TN:
SF:/home/nirgn/PycharmProjects/open_pension/client/node_modules/angular2-template-loader/index.js!/home/nirgn/PycharmProjects/open_pension/client/node_modules/tslint-loader/index.js!/home/nirgn/PycharmProjects/open_pension/client/src/polyfills.ts
FNF:0
FNH:0
DA:3,1
DA:4,1
DA:5,1
DA:6,1
DA:7,1
DA:8,1
DA:9,1
DA:10,1
DA:11,1
DA:12,1
DA:13,1
DA:14,1
DA:15,1
DA:16,1
DA:18,1
DA:19,1
LF:16
LH:16
BRF:0
BRH:0
end_of_record
TN:
SF:/home/nirgn/PycharmProjects/open_pension/client/node_modules/angular2-template-loader/index.js!/home/nirgn/PycharmProjects/open_pension/client/node_modules/tslint-loader/index.js!/home/nirgn/PycharmProjects/open_pension/client/src/app/app.component.ts
FN:8,(anonymous_3)
FNF:1
FNH:1
FNDA:4,(anonymous_3)
DA:1,1
DA:3,1
DA:8,2
DA:9,3
DA:10,1
LF:5
LH:5
BRF:0
BRH:0
end_of_record
